Flow report for zjh_Hardwiring_cpu
Fri Dec 17 13:21:20 2021
Quartus Prime Version 20.1.1 Build 720 11/11/2020 SJ Lite Edition


---------------------
; Table of Contents ;
---------------------
  1. Legal Notice
  2. Flow Summary
  3. Flow Settings
  4. Flow Non-Default Global Settings
  5. Flow Elapsed Time
  6. Flow OS Summary
  7. Flow Log
  8. Flow Messages
  9. Flow Suppressed Messages



----------------
; Legal Notice ;
----------------
Copyright (C) 2020  Intel Corporation. All rights reserved.
Your use of Intel Corporation's design tools, logic functions 
and other software and tools, and any partner logic 
functions, and any output files from any of the foregoing 
(including device programming or simulation files), and any 
associated documentation or information are expressly subject 
to the terms and conditions of the Intel Program License 
Subscription Agreement, the Intel Quartus Prime License Agreement,
the Intel FPGA IP License Agreement, or other applicable license
agreement, including, without limitation, that your use is for
the sole purpose of programming logic devices manufactured by
Intel and sold by Intel or its authorized distributors.  Please
refer to the applicable agreement for further details, at
https://fpgasoftware.intel.com/eula.



+----------------------------------------------------------------------------------+
; Flow Summary                                                                     ;
+------------------------------------+---------------------------------------------+
; Flow Status                        ; Successful - Fri Dec 17 13:21:20 2021       ;
; Quartus Prime Version              ; 20.1.1 Build 720 11/11/2020 SJ Lite Edition ;
; Revision Name                      ; zjh_Hardwiring_cpu                          ;
; Top-level Entity Name              ; top_level                                   ;
; Family                             ; Cyclone 10 LP                               ;
; Total logic elements               ; 1,164 / 6,272 ( 19 % )                      ;
;     Total combinational functions  ; 1,160 / 6,272 ( 18 % )                      ;
;     Dedicated logic registers      ; 51 / 6,272 ( < 1 % )                        ;
; Total registers                    ; 51                                          ;
; Total pins                         ; 42 / 89 ( 47 % )                            ;
; Total virtual pins                 ; 0                                           ;
; Total memory bits                  ; 0 / 276,480 ( 0 % )                         ;
; Embedded Multiplier 9-bit elements ; 0 / 30 ( 0 % )                              ;
; Total PLLs                         ; 0 / 2 ( 0 % )                               ;
; Device                             ; 10CL006YE144C6G                             ;
; Timing Models                      ; Final                                       ;
+------------------------------------+---------------------------------------------+


+-----------------------------------------+
; Flow Settings                           ;
+-------------------+---------------------+
; Option            ; Setting             ;
+-------------------+---------------------+
; Start date & time ; 12/17/2021 13:10:08 ;
; Main task         ; Compilation         ;
; Revision Name     ; zjh_Hardwiring_cpu  ;
+-------------------+---------------------+


+------------------------------------------------------------------------------------------------------------------------------+
; Flow Non-Default Global Settings                                                                                             ;
+-------------------------------------+----------------------------------------+--------------------+-------------+------------+
; Assignment Name                     ; Value                                  ; Default Value      ; Entity Name ; Section Id ;
+-------------------------------------+----------------------------------------+--------------------+-------------+------------+
; COMPILER_SIGNATURE_ID               ; 1098081094877.163971780812436          ; --                 ; --          ; --         ;
; PARTITION_COLOR                     ; -- (Not supported for targeted family) ; --                 ; top_level   ; Top        ;
; PARTITION_FITTER_PRESERVATION_LEVEL ; -- (Not supported for targeted family) ; --                 ; top_level   ; Top        ;
; PARTITION_NETLIST_TYPE              ; -- (Not supported for targeted family) ; --                 ; top_level   ; Top        ;
; PROJECT_OUTPUT_DIRECTORY            ; output_files                           ; --                 ; --          ; --         ;
; TOP_LEVEL_ENTITY                    ; top_level                              ; zjh_Hardwiring_cpu ; --          ; --         ;
+-------------------------------------+----------------------------------------+--------------------+-------------+------------+


+--------------------------------------------------------------------------------------------------------------------------+
; Flow Elapsed Time                                                                                                        ;
+----------------------+--------------+-------------------------+---------------------+------------------------------------+
; Module Name          ; Elapsed Time ; Average Processors Used ; Peak Virtual Memory ; Total CPU Time (on all processors) ;
+----------------------+--------------+-------------------------+---------------------+------------------------------------+
; Analysis & Synthesis ; 00:00:12     ; 1.1                     ; 4853 MB             ; 00:00:20                           ;
; Fitter               ; 00:00:19     ; 2.9                     ; 6156 MB             ; 00:00:54                           ;
; Assembler            ; 00:00:01     ; 1.0                     ; 4681 MB             ; 00:00:01                           ;
; Timing Analyzer      ; 00:00:02     ; 2.5                     ; 4908 MB             ; 00:00:04                           ;
; EDA Netlist Writer   ; 00:00:01     ; 1.0                     ; 4632 MB             ; 00:00:01                           ;
; EDA Netlist Writer   ; 00:00:00     ; 1.0                     ; 4641 MB             ; 00:00:01                           ;
; EDA Netlist Writer   ; 00:00:00     ; 1.0                     ; 4632 MB             ; 00:00:01                           ;
; EDA Netlist Writer   ; 00:00:01     ; 1.0                     ; 4641 MB             ; 00:00:01                           ;
; Total                ; 00:00:36     ; --                      ; --                  ; 00:01:23                           ;
+----------------------+--------------+-------------------------+---------------------+------------------------------------+


+------------------------------------------------------------------------------------+
; Flow OS Summary                                                                    ;
+----------------------+------------------+------------+------------+----------------+
; Module Name          ; Machine Hostname ; OS Name    ; OS Version ; Processor type ;
+----------------------+------------------+------------+------------+----------------+
; Analysis & Synthesis ; answer           ; Windows 10 ; 10.0       ; x86_64         ;
; Fitter               ; answer           ; Windows 10 ; 10.0       ; x86_64         ;
; Assembler            ; answer           ; Windows 10 ; 10.0       ; x86_64         ;
; Timing Analyzer      ; answer           ; Windows 10 ; 10.0       ; x86_64         ;
; EDA Netlist Writer   ; answer           ; Windows 10 ; 10.0       ; x86_64         ;
; EDA Netlist Writer   ; answer           ; Windows 10 ; 10.0       ; x86_64         ;
; EDA Netlist Writer   ; answer           ; Windows 10 ; 10.0       ; x86_64         ;
; EDA Netlist Writer   ; answer           ; Windows 10 ; 10.0       ; x86_64         ;
+----------------------+------------------+------------+------------+----------------+


------------
; Flow Log ;
------------
quartus_map --read_settings_files=on --write_settings_files=off zjh_Hardwiring_cpu -c zjh_Hardwiring_cpu
quartus_fit --read_settings_files=off --write_settings_files=off zjh_Hardwiring_cpu -c zjh_Hardwiring_cpu
quartus_asm --read_settings_files=off --write_settings_files=off zjh_Hardwiring_cpu -c zjh_Hardwiring_cpu
quartus_sta zjh_Hardwiring_cpu -c zjh_Hardwiring_cpu
quartus_eda --gen_testbench --tool=modelsim_oem --format=vhdl --write_settings_files=off zjh_Hardwiring_cpu -c zjh_Hardwiring_cpu --vector_source=C:/intelFPGA_lite/20.1/3120005043_f4a/Waveform1.vwf --testbench_file=C:/intelFPGA_lite/20.1/3120005043_f4a/simulation/qsim/Waveform1.vwf.vht
quartus_eda --write_settings_files=off --simulation=on --functional=on --flatten_buses=off --tool=modelsim_oem --format=vhdl --output_directory=C:/intelFPGA_lite/20.1/3120005043_f4a/simulation/qsim/ zjh_Hardwiring_cpu -c zjh_Hardwiring_cpu
quartus_eda --gen_testbench --tool=modelsim_oem --format=vhdl --write_settings_files=off zjh_Hardwiring_cpu -c zjh_Hardwiring_cpu --vector_source=C:/intelFPGA_lite/20.1/3120005043_f4a/Waveform1.vwf --testbench_file=C:/intelFPGA_lite/20.1/3120005043_f4a/simulation/qsim/Waveform1.vwf.vht
quartus_eda --write_settings_files=off --simulation=on --functional=on --flatten_buses=off --tool=modelsim_oem --format=vhdl --output_directory=C:/intelFPGA_lite/20.1/3120005043_f4a/simulation/qsim/ zjh_Hardwiring_cpu -c zjh_Hardwiring_cpu



