Flow report for CUPF4aV2
Sat Dec 19 18:06:38 2020
Quartus Prime Version 20.1.0 Build 711 06/05/2020 SJ Lite Edition


---------------------
; Table of Contents ;
---------------------
  1. Legal Notice
  2. Flow Summary
  3. Flow Settings
  4. Flow Non-Default Global Settings
  5. Flow Elapsed Time
  6. Flow OS Summary
  7. Flow Log
  8. Flow Messages
  9. Flow Suppressed Messages



----------------
; Legal Notice ;
----------------
Copyright (C) 2020  Intel Corporation. All rights reserved.
Your use of Intel Corporation's design tools, logic functions 
and other software and tools, and any partner logic 
functions, and any output files from any of the foregoing 
(including device programming or simulation files), and any 
associated documentation or information are expressly subject 
to the terms and conditions of the Intel Program License 
Subscription Agreement, the Intel Quartus Prime License Agreement,
the Intel FPGA IP License Agreement, or other applicable license
agreement, including, without limitation, that your use is for
the sole purpose of programming logic devices manufactured by
Intel and sold by Intel or its authorized distributors.  Please
refer to the applicable agreement for further details, at
https://fpgasoftware.intel.com/eula.



+----------------------------------------------------------------------------------+
; Flow Summary                                                                     ;
+------------------------------------+---------------------------------------------+
; Flow Status                        ; Successful - Sat Dec 19 18:06:38 2020       ;
; Quartus Prime Version              ; 20.1.0 Build 711 06/05/2020 SJ Lite Edition ;
; Revision Name                      ; CUPF4aV2                                    ;
; Top-level Entity Name              ; CUPF4aV2                                    ;
; Family                             ; Cyclone IV E                                ;
; Total logic elements               ; 1,181 / 6,272 ( 19 % )                      ;
;     Total combinational functions  ; 1,180 / 6,272 ( 19 % )                      ;
;     Dedicated logic registers      ; 51 / 6,272 ( < 1 % )                        ;
; Total registers                    ; 51                                          ;
; Total pins                         ; 42 / 92 ( 46 % )                            ;
; Total virtual pins                 ; 0                                           ;
; Total memory bits                  ; 0 / 276,480 ( 0 % )                         ;
; Embedded Multiplier 9-bit elements ; 0 / 30 ( 0 % )                              ;
; Total PLLs                         ; 0 / 2 ( 0 % )                               ;
; Device                             ; EP4CE6E22C6                                 ;
; Timing Models                      ; Final                                       ;
+------------------------------------+---------------------------------------------+


+-----------------------------------------+
; Flow Settings                           ;
+-------------------+---------------------+
; Option            ; Setting             ;
+-------------------+---------------------+
; Start date & time ; 12/19/2020 17:56:39 ;
; Main task         ; Compilation         ;
; Revision Name     ; CUPF4aV2            ;
+-------------------+---------------------+


+-------------------------------------------------------------------------------------------------------------------------+
; Flow Non-Default Global Settings                                                                                        ;
+-------------------------------------+----------------------------------------+---------------+-------------+------------+
; Assignment Name                     ; Value                                  ; Default Value ; Entity Name ; Section Id ;
+-------------------------------------+----------------------------------------+---------------+-------------+------------+
; COMPILER_SIGNATURE_ID               ; 97444813469478.160837179915084         ; --            ; --          ; --         ;
; PARTITION_COLOR                     ; -- (Not supported for targeted family) ; --            ; --          ; Top        ;
; PARTITION_FITTER_PRESERVATION_LEVEL ; -- (Not supported for targeted family) ; --            ; --          ; Top        ;
; PARTITION_NETLIST_TYPE              ; -- (Not supported for targeted family) ; --            ; --          ; Top        ;
; PROJECT_OUTPUT_DIRECTORY            ; output_files                           ; --            ; --          ; --         ;
+-------------------------------------+----------------------------------------+---------------+-------------+------------+


+--------------------------------------------------------------------------------------------------------------------------+
; Flow Elapsed Time                                                                                                        ;
+----------------------+--------------+-------------------------+---------------------+------------------------------------+
; Module Name          ; Elapsed Time ; Average Processors Used ; Peak Virtual Memory ; Total CPU Time (on all processors) ;
+----------------------+--------------+-------------------------+---------------------+------------------------------------+
; Analysis & Synthesis ; 00:00:10     ; 1.0                     ; 4849 MB             ; 00:00:21                           ;
; Fitter               ; 00:00:19     ; 1.3                     ; 5664 MB             ; 00:00:29                           ;
; Assembler            ; 00:00:00     ; 1.0                     ; 4691 MB             ; 00:00:01                           ;
; Timing Analyzer      ; 00:00:03     ; 2.3                     ; 4816 MB             ; 00:00:04                           ;
; EDA Netlist Writer   ; 00:00:01     ; 1.0                     ; 4639 MB             ; 00:00:00                           ;
; EDA Netlist Writer   ; 00:00:01     ; 1.0                     ; 4648 MB             ; 00:00:01                           ;
; EDA Netlist Writer   ; 00:00:01     ; 1.0                     ; 4639 MB             ; 00:00:00                           ;
; EDA Netlist Writer   ; 00:00:00     ; 1.0                     ; 4648 MB             ; 00:00:01                           ;
; EDA Netlist Writer   ; 00:00:00     ; 1.0                     ; 4639 MB             ; 00:00:00                           ;
; EDA Netlist Writer   ; 00:00:01     ; 1.0                     ; 4648 MB             ; 00:00:01                           ;
; EDA Netlist Writer   ; 00:00:01     ; 1.0                     ; 4639 MB             ; 00:00:00                           ;
; EDA Netlist Writer   ; 00:00:01     ; 1.0                     ; 4648 MB             ; 00:00:01                           ;
; EDA Netlist Writer   ; 00:00:00     ; 1.0                     ; 4639 MB             ; 00:00:00                           ;
; EDA Netlist Writer   ; 00:00:00     ; 1.0                     ; 4648 MB             ; 00:00:01                           ;
; EDA Netlist Writer   ; 00:00:00     ; 1.0                     ; 4639 MB             ; 00:00:00                           ;
; EDA Netlist Writer   ; 00:00:01     ; 1.0                     ; 4648 MB             ; 00:00:01                           ;
; Total                ; 00:00:39     ; --                      ; --                  ; 00:01:01                           ;
+----------------------+--------------+-------------------------+---------------------+------------------------------------+


+------------------------------------------------------------------------------------+
; Flow OS Summary                                                                    ;
+----------------------+------------------+------------+------------+----------------+
; Module Name          ; Machine Hostname ; OS Name    ; OS Version ; Processor type ;
+----------------------+------------------+------------+------------+----------------+
; Analysis & Synthesis ; LAPTOP-OS1J5AUN  ; Windows 10 ; 10.0       ; x86_64         ;
; Fitter               ; LAPTOP-OS1J5AUN  ; Windows 10 ; 10.0       ; x86_64         ;
; Assembler            ; LAPTOP-OS1J5AUN  ; Windows 10 ; 10.0       ; x86_64         ;
; Timing Analyzer      ; LAPTOP-OS1J5AUN  ; Windows 10 ; 10.0       ; x86_64         ;
; EDA Netlist Writer   ; LAPTOP-OS1J5AUN  ; Windows 10 ; 10.0       ; x86_64         ;
; EDA Netlist Writer   ; LAPTOP-OS1J5AUN  ; Windows 10 ; 10.0       ; x86_64         ;
; EDA Netlist Writer   ; LAPTOP-OS1J5AUN  ; Windows 10 ; 10.0       ; x86_64         ;
; EDA Netlist Writer   ; LAPTOP-OS1J5AUN  ; Windows 10 ; 10.0       ; x86_64         ;
; EDA Netlist Writer   ; LAPTOP-OS1J5AUN  ; Windows 10 ; 10.0       ; x86_64         ;
; EDA Netlist Writer   ; LAPTOP-OS1J5AUN  ; Windows 10 ; 10.0       ; x86_64         ;
; EDA Netlist Writer   ; LAPTOP-OS1J5AUN  ; Windows 10 ; 10.0       ; x86_64         ;
; EDA Netlist Writer   ; LAPTOP-OS1J5AUN  ; Windows 10 ; 10.0       ; x86_64         ;
; EDA Netlist Writer   ; LAPTOP-OS1J5AUN  ; Windows 10 ; 10.0       ; x86_64         ;
; EDA Netlist Writer   ; LAPTOP-OS1J5AUN  ; Windows 10 ; 10.0       ; x86_64         ;
; EDA Netlist Writer   ; LAPTOP-OS1J5AUN  ; Windows 10 ; 10.0       ; x86_64         ;
; EDA Netlist Writer   ; LAPTOP-OS1J5AUN  ; Windows 10 ; 10.0       ; x86_64         ;
+----------------------+------------------+------------+------------+----------------+


------------
; Flow Log ;
------------
quartus_map --read_settings_files=on --write_settings_files=off CUPF4aV2 -c CUPF4aV2
quartus_fit --read_settings_files=off --write_settings_files=off CUPF4aV2 -c CUPF4aV2
quartus_asm --read_settings_files=off --write_settings_files=off CUPF4aV2 -c CUPF4aV2
quartus_sta CUPF4aV2 -c CUPF4aV2
quartus_eda --gen_testbench --tool=modelsim_oem --format=vhdl --write_settings_files=off CUPF4aV2 -c CUPF4aV2 --vector_source=D:/test/CUPF4aV2/Waveform.vwf --testbench_file=D:/test/CUPF4aV2/simulation/qsim/Waveform.vwf.vht
quartus_eda --write_settings_files=off --simulation=on --functional=on --flatten_buses=off --tool=modelsim_oem --format=vhdl --output_directory=D:/test/CUPF4aV2/simulation/qsim/ CUPF4aV2 -c CUPF4aV2
quartus_eda --gen_testbench --tool=modelsim_oem --format=vhdl --write_settings_files=off CUPF4aV2 -c CUPF4aV2 --vector_source=D:/test/CUPF4aV2/Waveform.vwf --testbench_file=D:/test/CUPF4aV2/simulation/qsim/Waveform.vwf.vht
quartus_eda --write_settings_files=off --simulation=on --functional=on --flatten_buses=off --tool=modelsim_oem --format=vhdl --output_directory=D:/test/CUPF4aV2/simulation/qsim/ CUPF4aV2 -c CUPF4aV2
quartus_eda --gen_testbench --tool=modelsim_oem --format=vhdl --write_settings_files=off CUPF4aV2 -c CUPF4aV2 --vector_source=D:/test/CUPF4aV2/Waveform.vwf --testbench_file=D:/test/CUPF4aV2/simulation/qsim/Waveform.vwf.vht
quartus_eda --write_settings_files=off --simulation=on --functional=on --flatten_buses=off --tool=modelsim_oem --format=vhdl --output_directory=D:/test/CUPF4aV2/simulation/qsim/ CUPF4aV2 -c CUPF4aV2
quartus_eda --gen_testbench --tool=modelsim_oem --format=vhdl --write_settings_files=off CUPF4aV2 -c CUPF4aV2 --vector_source=D:/test/CUPF4aV2/Waveform.vwf --testbench_file=D:/test/CUPF4aV2/simulation/qsim/Waveform.vwf.vht
quartus_eda --write_settings_files=off --simulation=on --functional=on --flatten_buses=off --tool=modelsim_oem --format=vhdl --output_directory=D:/test/CUPF4aV2/simulation/qsim/ CUPF4aV2 -c CUPF4aV2
quartus_eda --gen_testbench --tool=modelsim_oem --format=vhdl --write_settings_files=off CUPF4aV2 -c CUPF4aV2 --vector_source=D:/test/CUPF4aV2/Waveform.vwf --testbench_file=D:/test/CUPF4aV2/simulation/qsim/Waveform.vwf.vht
quartus_eda --write_settings_files=off --simulation=on --functional=on --flatten_buses=off --tool=modelsim_oem --format=vhdl --output_directory=D:/test/CUPF4aV2/simulation/qsim/ CUPF4aV2 -c CUPF4aV2
quartus_eda --gen_testbench --tool=modelsim_oem --format=vhdl --write_settings_files=off CUPF4aV2 -c CUPF4aV2 --vector_source=D:/test/CUPF4aV2/Waveform.vwf --testbench_file=D:/test/CUPF4aV2/simulation/qsim/Waveform.vwf.vht
quartus_eda --write_settings_files=off --simulation=on --functional=on --flatten_buses=off --tool=modelsim_oem --format=vhdl --output_directory=D:/test/CUPF4aV2/simulation/qsim/ CUPF4aV2 -c CUPF4aV2



