Flow report for zjh_f4b
Wed Dec 29 01:32:43 2021
Quartus Prime Version 20.1.1 Build 720 11/11/2020 SJ Lite Edition


---------------------
; Table of Contents ;
---------------------
  1. Legal Notice
  2. Flow Summary
  3. Flow Settings
  4. Flow Non-Default Global Settings
  5. Flow Elapsed Time
  6. Flow OS Summary
  7. Flow Log
  8. Flow Messages
  9. Flow Suppressed Messages



----------------
; Legal Notice ;
----------------
Copyright (C) 2020  Intel Corporation. All rights reserved.
Your use of Intel Corporation's design tools, logic functions 
and other software and tools, and any partner logic 
functions, and any output files from any of the foregoing 
(including device programming or simulation files), and any 
associated documentation or information are expressly subject 
to the terms and conditions of the Intel Program License 
Subscription Agreement, the Intel Quartus Prime License Agreement,
the Intel FPGA IP License Agreement, or other applicable license
agreement, including, without limitation, that your use is for
the sole purpose of programming logic devices manufactured by
Intel and sold by Intel or its authorized distributors.  Please
refer to the applicable agreement for further details, at
https://fpgasoftware.intel.com/eula.



+----------------------------------------------------------------------------------+
; Flow Summary                                                                     ;
+------------------------------------+---------------------------------------------+
; Flow Status                        ; Successful - Wed Dec 29 01:32:43 2021       ;
; Quartus Prime Version              ; 20.1.1 Build 720 11/11/2020 SJ Lite Edition ;
; Revision Name                      ; zjh_f4b                                     ;
; Top-level Entity Name              ; zjh_f4b                                     ;
; Family                             ; Cyclone 10 LP                               ;
; Total logic elements               ; 315 / 6,272 ( 5 % )                         ;
;     Total combinational functions  ; 261 / 6,272 ( 4 % )                         ;
;     Dedicated logic registers      ; 136 / 6,272 ( 2 % )                         ;
; Total registers                    ; 136                                         ;
; Total pins                         ; 147 / 177 ( 83 % )                          ;
; Total virtual pins                 ; 0                                           ;
; Total memory bits                  ; 12,288 / 276,480 ( 4 % )                    ;
; Embedded Multiplier 9-bit elements ; 2 / 30 ( 7 % )                              ;
; Total PLLs                         ; 0 / 2 ( 0 % )                               ;
; Device                             ; 10CL006YU256C6G                             ;
; Timing Models                      ; Final                                       ;
+------------------------------------+---------------------------------------------+


+-----------------------------------------+
; Flow Settings                           ;
+-------------------+---------------------+
; Option            ; Setting             ;
+-------------------+---------------------+
; Start date & time ; 12/29/2021 01:09:43 ;
; Main task         ; Compilation         ;
; Revision Name     ; zjh_f4b             ;
+-------------------+---------------------+


+-------------------------------------------------------------------------------------------------------------------------+
; Flow Non-Default Global Settings                                                                                        ;
+-------------------------------------+----------------------------------------+---------------+-------------+------------+
; Assignment Name                     ; Value                                  ; Default Value ; Entity Name ; Section Id ;
+-------------------------------------+----------------------------------------+---------------+-------------+------------+
; COMPILER_SIGNATURE_ID               ; 186426620693.164071138314008           ; --            ; --          ; --         ;
; PARTITION_COLOR                     ; -- (Not supported for targeted family) ; --            ; --          ; Top        ;
; PARTITION_FITTER_PRESERVATION_LEVEL ; -- (Not supported for targeted family) ; --            ; --          ; Top        ;
; PARTITION_NETLIST_TYPE              ; -- (Not supported for targeted family) ; --            ; --          ; Top        ;
; PROJECT_OUTPUT_DIRECTORY            ; output_files                           ; --            ; --          ; --         ;
+-------------------------------------+----------------------------------------+---------------+-------------+------------+


+--------------------------------------------------------------------------------------------------------------------------+
; Flow Elapsed Time                                                                                                        ;
+----------------------+--------------+-------------------------+---------------------+------------------------------------+
; Module Name          ; Elapsed Time ; Average Processors Used ; Peak Virtual Memory ; Total CPU Time (on all processors) ;
+----------------------+--------------+-------------------------+---------------------+------------------------------------+
; Analysis & Synthesis ; 00:00:14     ; 1.0                     ; 4858 MB             ; 00:00:23                           ;
; Fitter               ; 00:00:11     ; 1.2                     ; 6101 MB             ; 00:00:14                           ;
; Assembler            ; 00:00:01     ; 1.0                     ; 4682 MB             ; 00:00:01                           ;
; Timing Analyzer      ; 00:00:03     ; 1.9                     ; 4878 MB             ; 00:00:03                           ;
; EDA Netlist Writer   ; 00:00:01     ; 1.0                     ; 4632 MB             ; 00:00:01                           ;
; EDA Netlist Writer   ; 00:00:01     ; 1.0                     ; 4641 MB             ; 00:00:01                           ;
; EDA Netlist Writer   ; 00:00:01     ; 1.0                     ; 4631 MB             ; 00:00:01                           ;
; EDA Netlist Writer   ; 00:00:01     ; 1.0                     ; 4641 MB             ; 00:00:01                           ;
; EDA Netlist Writer   ; 00:00:01     ; 1.0                     ; 4631 MB             ; 00:00:01                           ;
; EDA Netlist Writer   ; 00:00:01     ; 1.0                     ; 4641 MB             ; 00:00:01                           ;
; EDA Netlist Writer   ; 00:00:01     ; 1.0                     ; 4631 MB             ; 00:00:02                           ;
; EDA Netlist Writer   ; 00:00:02     ; 1.0                     ; 4639 MB             ; 00:00:02                           ;
; Total                ; 00:00:38     ; --                      ; --                  ; 00:00:51                           ;
+----------------------+--------------+-------------------------+---------------------+------------------------------------+


+------------------------------------------------------------------------------------+
; Flow OS Summary                                                                    ;
+----------------------+------------------+------------+------------+----------------+
; Module Name          ; Machine Hostname ; OS Name    ; OS Version ; Processor type ;
+----------------------+------------------+------------+------------+----------------+
; Analysis & Synthesis ; answer           ; Windows 10 ; 10.0       ; x86_64         ;
; Fitter               ; answer           ; Windows 10 ; 10.0       ; x86_64         ;
; Assembler            ; answer           ; Windows 10 ; 10.0       ; x86_64         ;
; Timing Analyzer      ; answer           ; Windows 10 ; 10.0       ; x86_64         ;
; EDA Netlist Writer   ; answer           ; Windows 10 ; 10.0       ; x86_64         ;
; EDA Netlist Writer   ; answer           ; Windows 10 ; 10.0       ; x86_64         ;
; EDA Netlist Writer   ; answer           ; Windows 10 ; 10.0       ; x86_64         ;
; EDA Netlist Writer   ; answer           ; Windows 10 ; 10.0       ; x86_64         ;
; EDA Netlist Writer   ; answer           ; Windows 10 ; 10.0       ; x86_64         ;
; EDA Netlist Writer   ; answer           ; Windows 10 ; 10.0       ; x86_64         ;
; EDA Netlist Writer   ; answer           ; Windows 10 ; 10.0       ; x86_64         ;
; EDA Netlist Writer   ; answer           ; Windows 10 ; 10.0       ; x86_64         ;
+----------------------+------------------+------------+------------+----------------+


------------
; Flow Log ;
------------
quartus_map --read_settings_files=on --write_settings_files=off zjh_f4b -c zjh_f4b
quartus_fit --read_settings_files=off --write_settings_files=off zjh_f4b -c zjh_f4b
quartus_asm --read_settings_files=off --write_settings_files=off zjh_f4b -c zjh_f4b
quartus_sta zjh_f4b -c zjh_f4b
quartus_eda --gen_testbench --tool=modelsim_oem --format=vhdl --write_settings_files=off zjh_f4b -c zjh_f4b --vector_source=C:/Users/Mono/Desktop/zjh_f4b/Waveform3.vwf --testbench_file=C:/Users/Mono/Desktop/zjh_f4b/simulation/qsim/Waveform3.vwf.vht
quartus_eda --write_settings_files=off --simulation=on --functional=on --flatten_buses=off --tool=modelsim_oem --format=vhdl --output_directory=C:/Users/Mono/Desktop/zjh_f4b/simulation/qsim/ zjh_f4b -c zjh_f4b
quartus_eda --gen_testbench --tool=modelsim_oem --format=vhdl --write_settings_files=off zjh_f4b -c zjh_f4b --vector_source=C:/Users/Mono/Desktop/zjh_f4b/Waveform4.vwf --testbench_file=C:/Users/Mono/Desktop/zjh_f4b/simulation/qsim/Waveform4.vwf.vht
quartus_eda --write_settings_files=off --simulation=on --functional=on --flatten_buses=off --tool=modelsim_oem --format=vhdl --output_directory=C:/Users/Mono/Desktop/zjh_f4b/simulation/qsim/ zjh_f4b -c zjh_f4b
quartus_eda --gen_testbench --tool=modelsim_oem --format=vhdl --write_settings_files=off zjh_f4b -c zjh_f4b --vector_source=C:/Users/Mono/Desktop/zjh_f4b/Waveform4.vwf --testbench_file=C:/Users/Mono/Desktop/zjh_f4b/simulation/qsim/Waveform4.vwf.vht
quartus_eda --write_settings_files=off --simulation=on --functional=on --flatten_buses=off --tool=modelsim_oem --format=vhdl --output_directory=C:/Users/Mono/Desktop/zjh_f4b/simulation/qsim/ zjh_f4b -c zjh_f4b
quartus_eda --gen_testbench --tool=modelsim_oem --format=vhdl --write_settings_files=off zjh_f4b -c zjh_f4b --vector_source=C:/Users/Mono/Desktop/zjh_f4b/Waveform5.vwf --testbench_file=C:/Users/Mono/Desktop/zjh_f4b/simulation/qsim/Waveform5.vwf.vht
quartus_eda --write_settings_files=off --simulation=on --functional=on --flatten_buses=off --tool=modelsim_oem --format=vhdl --output_directory=C:/Users/Mono/Desktop/zjh_f4b/simulation/qsim/ zjh_f4b -c zjh_f4b



